<?xml version="1.0" encoding="UTF-8"?>
<testsuite xmlns:xsi="http://www.w3.org/2001/XMLSchema-instance" xsi:noNamespaceSchemaLocation="https://maven.apache.org/surefire/maven-surefire-plugin/xsd/surefire-test-report.xsd" name="JerkinNopCom.TestSuit" time="0.736" tests="3" errors="0" skipped="2" failures="1">
  <properties>
[...]
</properties>
  <testcase name="openBrowser" classname="JerkinNopCom.TestSuit" time="0.46">
    <failure message="org/openqa/selenium/ie/InternetExplorerDriver" type="java.lang.NoClassDefFoundError">java.lang.NoClassDefFoundError: org/openqa/selenium/ie/InternetExplorerDriver
Caused by: java.lang.ClassNotFoundException: org.openqa.selenium.ie.InternetExplorerDriver
</failure>
  </testcase>
  <testcase name="verifyUserShouldClickOnElectronics" classname="JerkinNopCom.TestSuit" time="0">
    <skipped/>
  </testcase>
  <testcase name="closeBrowser" classname="JerkinNopCom.TestSuit" time="0">
    <skipped/>
  </testcase>
</testsuite>